[5.589s] Invoking command in '/home/robot4/Documents/Nishant_github_repo/AdvancedMechatronics/choirbot_ws/build/choirbot_examples': AMENT_PREFIX_PATH=/home/robot4/Documents/Nishant_github_repo/AdvancedMechatronics/choirbot_ws/install/choirbot:/home/robot4/Documents/Nishant_github_repo/AdvancedMechatronics/choirbot_ws/install/choirbot_interfaces:${AMENT_PREFIX_PATH} CMAKE_PREFIX_PATH=/home/robot4/Documents/Nishant_github_repo/AdvancedMechatronics/choirbot_ws/install/choirbot_interfaces LD_LIBRARY_PATH=/home/robot4/Documents/Nishant_github_repo/AdvancedMechatronics/choirbot_ws/install/choirbot_interfaces/lib:${LD_LIBRARY_PATH} PYTHONPATH=/home/robot4/Documents/Nishant_github_repo/AdvancedMechatronics/choirbot_ws/build/choirbot_examples/prefix_override:/home/robot4/.local/lib/python3.8/site-packages/colcon_core/task/python/colcon_distutils_commands:/home/robot4/Documents/Nishant_github_repo/AdvancedMechatronics/choirbot_ws/install/choirbot_examples/lib/python3.8/site-packages:/home/robot4/Documents/Nishant_github_repo/AdvancedMechatronics/choirbot_ws/build/choirbot:/home/robot4/Documents/Nishant_github_repo/AdvancedMechatronics/choirbot_ws/install/choirbot/lib/python3.8/site-packages:/home/robot4/Documents/Nishant_github_repo/AdvancedMechatronics/choirbot_ws/install/choirbot_interfaces/lib/python3.8/site-packages:${PYTHONPATH} /usr/bin/python3 -W ignore:setup.py install is deprecated -W ignore:easy_install command is deprecated setup.py develop --editable --build-directory /home/robot4/Documents/Nishant_github_repo/AdvancedMechatronics/choirbot_ws/build/choirbot_examples/build --no-deps symlink_data
[7.174s] running develop
[8.189s] running egg_info
[8.189s] creating choirbot_examples.egg-info
[8.259s] writing choirbot_examples.egg-info/PKG-INFO
[8.261s] writing dependency_links to choirbot_examples.egg-info/dependency_links.txt
[8.264s] writing entry points to choirbot_examples.egg-info/entry_points.txt
[8.264s] writing requirements to choirbot_examples.egg-info/requires.txt
[8.265s] writing top-level names to choirbot_examples.egg-info/top_level.txt
[8.271s] writing manifest file 'choirbot_examples.egg-info/SOURCES.txt'
[8.495s] reading manifest file 'choirbot_examples.egg-info/SOURCES.txt'
[8.500s] writing manifest file 'choirbot_examples.egg-info/SOURCES.txt'
[8.792s] running build_ext
[8.792s] Creating /home/robot4/Documents/Nishant_github_repo/AdvancedMechatronics/choirbot_ws/install/choirbot_examples/lib/python3.8/site-packages/choirbot-examples.egg-link (link to .)
[8.796s] Installing choirbot_bearingformationcontrol_guidance script to /home/robot4/Documents/Nishant_github_repo/AdvancedMechatronics/choirbot_ws/install/choirbot_examples/lib/choirbot_examples
[8.798s] Installing choirbot_bearingformationcontrol_integrator script to /home/robot4/Documents/Nishant_github_repo/AdvancedMechatronics/choirbot_ws/install/choirbot_examples/lib/choirbot_examples
[8.799s] Installing choirbot_containment_guidance script to /home/robot4/Documents/Nishant_github_repo/AdvancedMechatronics/choirbot_ws/install/choirbot_examples/lib/choirbot_examples
[8.800s] Installing choirbot_containment_integrator script to /home/robot4/Documents/Nishant_github_repo/AdvancedMechatronics/choirbot_ws/install/choirbot_examples/lib/choirbot_examples
[8.801s] Installing choirbot_containment_rviz script to /home/robot4/Documents/Nishant_github_repo/AdvancedMechatronics/choirbot_ws/install/choirbot_examples/lib/choirbot_examples
[8.802s] Installing choirbot_formationcontrol_controller script to /home/robot4/Documents/Nishant_github_repo/AdvancedMechatronics/choirbot_ws/install/choirbot_examples/lib/choirbot_examples
[8.803s] Installing choirbot_formationcontrol_guidance script to /home/robot4/Documents/Nishant_github_repo/AdvancedMechatronics/choirbot_ws/install/choirbot_examples/lib/choirbot_examples
[8.804s] Installing choirbot_mpc_guidance script to /home/robot4/Documents/Nishant_github_repo/AdvancedMechatronics/choirbot_ws/install/choirbot_examples/lib/choirbot_examples
[8.805s] Installing choirbot_mpc_integrator script to /home/robot4/Documents/Nishant_github_repo/AdvancedMechatronics/choirbot_ws/install/choirbot_examples/lib/choirbot_examples
[8.806s] Installing choirbot_mpc_rviz script to /home/robot4/Documents/Nishant_github_repo/AdvancedMechatronics/choirbot_ws/install/choirbot_examples/lib/choirbot_examples
[8.807s] Installing choirbot_quadrotorbearingformationcontrol_controller script to /home/robot4/Documents/Nishant_github_repo/AdvancedMechatronics/choirbot_ws/install/choirbot_examples/lib/choirbot_examples
[8.807s] Installing choirbot_quadrotorbearingformationcontrol_guidance script to /home/robot4/Documents/Nishant_github_repo/AdvancedMechatronics/choirbot_ws/install/choirbot_examples/lib/choirbot_examples
[8.809s] Installing choirbot_quadrotorbearingformationcontrol_integrator script to /home/robot4/Documents/Nishant_github_repo/AdvancedMechatronics/choirbot_ws/install/choirbot_examples/lib/choirbot_examples
[8.810s] Installing choirbot_taskassignment_controller script to /home/robot4/Documents/Nishant_github_repo/AdvancedMechatronics/choirbot_ws/install/choirbot_examples/lib/choirbot_examples
[8.811s] Installing choirbot_taskassignment_guidance script to /home/robot4/Documents/Nishant_github_repo/AdvancedMechatronics/choirbot_ws/install/choirbot_examples/lib/choirbot_examples
[8.812s] Installing choirbot_taskassignment_planner script to /home/robot4/Documents/Nishant_github_repo/AdvancedMechatronics/choirbot_ws/install/choirbot_examples/lib/choirbot_examples
[8.813s] Installing choirbot_taskassignment_table script to /home/robot4/Documents/Nishant_github_repo/AdvancedMechatronics/choirbot_ws/install/choirbot_examples/lib/choirbot_examples
[8.814s] Installing choirbot_turtlebot_spawner script to /home/robot4/Documents/Nishant_github_repo/AdvancedMechatronics/choirbot_ws/install/choirbot_examples/lib/choirbot_examples
[8.815s] 
[8.816s] Installed /home/robot4/Documents/Nishant_github_repo/AdvancedMechatronics/choirbot_ws/build/choirbot_examples
[8.817s] running symlink_data
[8.818s] creating /home/robot4/Documents/Nishant_github_repo/AdvancedMechatronics/choirbot_ws/install/choirbot_examples/share/ament_index
[8.819s] creating /home/robot4/Documents/Nishant_github_repo/AdvancedMechatronics/choirbot_ws/install/choirbot_examples/share/ament_index/resource_index
[8.820s] creating /home/robot4/Documents/Nishant_github_repo/AdvancedMechatronics/choirbot_ws/install/choirbot_examples/share/ament_index/resource_index/packages
[8.820s] symbolically linking /home/robot4/Documents/Nishant_github_repo/AdvancedMechatronics/choirbot_ws/build/choirbot_examples/resource/choirbot_examples -> /home/robot4/Documents/Nishant_github_repo/AdvancedMechatronics/choirbot_ws/install/choirbot_examples/share/ament_index/resource_index/packages
[8.821s] symbolically linking /home/robot4/Documents/Nishant_github_repo/AdvancedMechatronics/choirbot_ws/build/choirbot_examples/package.xml -> /home/robot4/Documents/Nishant_github_repo/AdvancedMechatronics/choirbot_ws/install/choirbot_examples/share/choirbot_examples
[8.821s] symbolically linking /home/robot4/Documents/Nishant_github_repo/AdvancedMechatronics/choirbot_ws/build/choirbot_examples/launch/bearingformationcontrol.launch.py -> /home/robot4/Documents/Nishant_github_repo/AdvancedMechatronics/choirbot_ws/install/choirbot_examples/share/choirbot_examples
[8.822s] symbolically linking /home/robot4/Documents/Nishant_github_repo/AdvancedMechatronics/choirbot_ws/build/choirbot_examples/launch/mpc.launch.py -> /home/robot4/Documents/Nishant_github_repo/AdvancedMechatronics/choirbot_ws/install/choirbot_examples/share/choirbot_examples
[8.824s] symbolically linking /home/robot4/Documents/Nishant_github_repo/AdvancedMechatronics/choirbot_ws/build/choirbot_examples/launch/containment.launch.py -> /home/robot4/Documents/Nishant_github_repo/AdvancedMechatronics/choirbot_ws/install/choirbot_examples/share/choirbot_examples
[8.834s] symbolically linking /home/robot4/Documents/Nishant_github_repo/AdvancedMechatronics/choirbot_ws/build/choirbot_examples/launch/gazebo.launch.py -> /home/robot4/Documents/Nishant_github_repo/AdvancedMechatronics/choirbot_ws/install/choirbot_examples/share/choirbot_examples
[8.839s] symbolically linking /home/robot4/Documents/Nishant_github_repo/AdvancedMechatronics/choirbot_ws/build/choirbot_examples/launch/taskassignment_advmec.launch.py -> /home/robot4/Documents/Nishant_github_repo/AdvancedMechatronics/choirbot_ws/install/choirbot_examples/share/choirbot_examples
[8.846s] symbolically linking /home/robot4/Documents/Nishant_github_repo/AdvancedMechatronics/choirbot_ws/build/choirbot_examples/launch/quadrotorbearingformationcontrol.launch.py -> /home/robot4/Documents/Nishant_github_repo/AdvancedMechatronics/choirbot_ws/install/choirbot_examples/share/choirbot_examples
[8.855s] symbolically linking /home/robot4/Documents/Nishant_github_repo/AdvancedMechatronics/choirbot_ws/build/choirbot_examples/launch/taskassignment.launch.py -> /home/robot4/Documents/Nishant_github_repo/AdvancedMechatronics/choirbot_ws/install/choirbot_examples/share/choirbot_examples
[8.859s] symbolically linking /home/robot4/Documents/Nishant_github_repo/AdvancedMechatronics/choirbot_ws/build/choirbot_examples/launch/formationcontrol.launch.py -> /home/robot4/Documents/Nishant_github_repo/AdvancedMechatronics/choirbot_ws/install/choirbot_examples/share/choirbot_examples
[8.863s] symbolically linking /home/robot4/Documents/Nishant_github_repo/AdvancedMechatronics/choirbot_ws/build/choirbot_examples/resource/rvizconf.rviz -> /home/robot4/Documents/Nishant_github_repo/AdvancedMechatronics/choirbot_ws/install/choirbot_examples/share/choirbot_examples
[8.866s] symbolically linking /home/robot4/Documents/Nishant_github_repo/AdvancedMechatronics/choirbot_ws/build/choirbot_examples/resource/model_burger.sdf -> /home/robot4/Documents/Nishant_github_repo/AdvancedMechatronics/choirbot_ws/install/choirbot_examples/share/choirbot_examples
[9.027s] Invoked command in '/home/robot4/Documents/Nishant_github_repo/AdvancedMechatronics/choirbot_ws/build/choirbot_examples' returned '0': AMENT_PREFIX_PATH=/home/robot4/Documents/Nishant_github_repo/AdvancedMechatronics/choirbot_ws/install/choirbot:/home/robot4/Documents/Nishant_github_repo/AdvancedMechatronics/choirbot_ws/install/choirbot_interfaces:${AMENT_PREFIX_PATH} CMAKE_PREFIX_PATH=/home/robot4/Documents/Nishant_github_repo/AdvancedMechatronics/choirbot_ws/install/choirbot_interfaces LD_LIBRARY_PATH=/home/robot4/Documents/Nishant_github_repo/AdvancedMechatronics/choirbot_ws/install/choirbot_interfaces/lib:${LD_LIBRARY_PATH} PYTHONPATH=/home/robot4/Documents/Nishant_github_repo/AdvancedMechatronics/choirbot_ws/build/choirbot_examples/prefix_override:/home/robot4/.local/lib/python3.8/site-packages/colcon_core/task/python/colcon_distutils_commands:/home/robot4/Documents/Nishant_github_repo/AdvancedMechatronics/choirbot_ws/install/choirbot_examples/lib/python3.8/site-packages:/home/robot4/Documents/Nishant_github_repo/AdvancedMechatronics/choirbot_ws/build/choirbot:/home/robot4/Documents/Nishant_github_repo/AdvancedMechatronics/choirbot_ws/install/choirbot/lib/python3.8/site-packages:/home/robot4/Documents/Nishant_github_repo/AdvancedMechatronics/choirbot_ws/install/choirbot_interfaces/lib/python3.8/site-packages:${PYTHONPATH} /usr/bin/python3 -W ignore:setup.py install is deprecated -W ignore:easy_install command is deprecated setup.py develop --editable --build-directory /home/robot4/Documents/Nishant_github_repo/AdvancedMechatronics/choirbot_ws/build/choirbot_examples/build --no-deps symlink_data
