running develop
running egg_info
creating choirbot_io.egg-info
writing choirbot_io.egg-info/PKG-INFO
writing dependency_links to choirbot_io.egg-info/dependency_links.txt
writing entry points to choirbot_io.egg-info/entry_points.txt
writing requirements to choirbot_io.egg-info/requires.txt
writing top-level names to choirbot_io.egg-info/top_level.txt
writing manifest file 'choirbot_io.egg-info/SOURCES.txt'
reading manifest file 'choirbot_io.egg-info/SOURCES.txt'
writing manifest file 'choirbot_io.egg-info/SOURCES.txt'
running build_ext
Creating /home/robot4/Documents/Nishant_github_repo/AdvancedMechatronics/choirbot_ws/install/choirbot_io/lib/python3.8/site-packages/choirbot-io.egg-link (link to .)
Installing aruco_detector script to /home/robot4/Documents/Nishant_github_repo/AdvancedMechatronics/choirbot_ws/install/choirbot_io/lib/choirbot_io
Installing ble_bridge script to /home/robot4/Documents/Nishant_github_repo/AdvancedMechatronics/choirbot_ws/install/choirbot_io/lib/choirbot_io
Installing goal_gui script to /home/robot4/Documents/Nishant_github_repo/AdvancedMechatronics/choirbot_ws/install/choirbot_io/lib/choirbot_io

Installed /home/robot4/Documents/Nishant_github_repo/AdvancedMechatronics/choirbot_ws/build/choirbot_io
running symlink_data
creating /home/robot4/Documents/Nishant_github_repo/AdvancedMechatronics/choirbot_ws/install/choirbot_io/share/ament_index
creating /home/robot4/Documents/Nishant_github_repo/AdvancedMechatronics/choirbot_ws/install/choirbot_io/share/ament_index/resource_index
creating /home/robot4/Documents/Nishant_github_repo/AdvancedMechatronics/choirbot_ws/install/choirbot_io/share/ament_index/resource_index/packages
symbolically linking /home/robot4/Documents/Nishant_github_repo/AdvancedMechatronics/choirbot_ws/build/choirbot_io/resource/choirbot_io -> /home/robot4/Documents/Nishant_github_repo/AdvancedMechatronics/choirbot_ws/install/choirbot_io/share/ament_index/resource_index/packages
symbolically linking /home/robot4/Documents/Nishant_github_repo/AdvancedMechatronics/choirbot_ws/build/choirbot_io/package.xml -> /home/robot4/Documents/Nishant_github_repo/AdvancedMechatronics/choirbot_ws/install/choirbot_io/share/choirbot_io
