[5.068s] Invoking command in '/home/robot4/Documents/Nishant_github_repo/AdvancedMechatronics/choirbot_ws/build/choirbot_io': PYTHONPATH=/home/robot4/Documents/Nishant_github_repo/AdvancedMechatronics/choirbot_ws/build/choirbot_io/prefix_override:/home/robot4/.local/lib/python3.8/site-packages/colcon_core/task/python/colcon_distutils_commands:/home/robot4/Documents/Nishant_github_repo/AdvancedMechatronics/choirbot_ws/install/choirbot_io/lib/python3.8/site-packages:${PYTHONPATH} /usr/bin/python3 -W ignore:setup.py install is deprecated -W ignore:easy_install command is deprecated setup.py develop --editable --build-directory /home/robot4/Documents/Nishant_github_repo/AdvancedMechatronics/choirbot_ws/build/choirbot_io/build --no-deps symlink_data
[7.231s] running develop
[8.486s] running egg_info
[8.487s] creating choirbot_io.egg-info
[8.570s] writing choirbot_io.egg-info/PKG-INFO
[8.573s] writing dependency_links to choirbot_io.egg-info/dependency_links.txt
[8.574s] writing entry points to choirbot_io.egg-info/entry_points.txt
[8.575s] writing requirements to choirbot_io.egg-info/requires.txt
[8.576s] writing top-level names to choirbot_io.egg-info/top_level.txt
[8.582s] writing manifest file 'choirbot_io.egg-info/SOURCES.txt'
[8.753s] reading manifest file 'choirbot_io.egg-info/SOURCES.txt'
[8.757s] writing manifest file 'choirbot_io.egg-info/SOURCES.txt'
[9.166s] running build_ext
[9.170s] Creating /home/robot4/Documents/Nishant_github_repo/AdvancedMechatronics/choirbot_ws/install/choirbot_io/lib/python3.8/site-packages/choirbot-io.egg-link (link to .)
[9.173s] Installing aruco_detector script to /home/robot4/Documents/Nishant_github_repo/AdvancedMechatronics/choirbot_ws/install/choirbot_io/lib/choirbot_io
[9.174s] Installing ble_bridge script to /home/robot4/Documents/Nishant_github_repo/AdvancedMechatronics/choirbot_ws/install/choirbot_io/lib/choirbot_io
[9.176s] Installing goal_gui script to /home/robot4/Documents/Nishant_github_repo/AdvancedMechatronics/choirbot_ws/install/choirbot_io/lib/choirbot_io
[9.181s] 
[9.186s] Installed /home/robot4/Documents/Nishant_github_repo/AdvancedMechatronics/choirbot_ws/build/choirbot_io
[9.200s] running symlink_data
[9.205s] creating /home/robot4/Documents/Nishant_github_repo/AdvancedMechatronics/choirbot_ws/install/choirbot_io/share/ament_index
[9.209s] creating /home/robot4/Documents/Nishant_github_repo/AdvancedMechatronics/choirbot_ws/install/choirbot_io/share/ament_index/resource_index
[9.214s] creating /home/robot4/Documents/Nishant_github_repo/AdvancedMechatronics/choirbot_ws/install/choirbot_io/share/ament_index/resource_index/packages
[9.219s] symbolically linking /home/robot4/Documents/Nishant_github_repo/AdvancedMechatronics/choirbot_ws/build/choirbot_io/resource/choirbot_io -> /home/robot4/Documents/Nishant_github_repo/AdvancedMechatronics/choirbot_ws/install/choirbot_io/share/ament_index/resource_index/packages
[9.224s] symbolically linking /home/robot4/Documents/Nishant_github_repo/AdvancedMechatronics/choirbot_ws/build/choirbot_io/package.xml -> /home/robot4/Documents/Nishant_github_repo/AdvancedMechatronics/choirbot_ws/install/choirbot_io/share/choirbot_io
[9.425s] Invoked command in '/home/robot4/Documents/Nishant_github_repo/AdvancedMechatronics/choirbot_ws/build/choirbot_io' returned '0': PYTHONPATH=/home/robot4/Documents/Nishant_github_repo/AdvancedMechatronics/choirbot_ws/build/choirbot_io/prefix_override:/home/robot4/.local/lib/python3.8/site-packages/colcon_core/task/python/colcon_distutils_commands:/home/robot4/Documents/Nishant_github_repo/AdvancedMechatronics/choirbot_ws/install/choirbot_io/lib/python3.8/site-packages:${PYTHONPATH} /usr/bin/python3 -W ignore:setup.py install is deprecated -W ignore:easy_install command is deprecated setup.py develop --editable --build-directory /home/robot4/Documents/Nishant_github_repo/AdvancedMechatronics/choirbot_ws/build/choirbot_io/build --no-deps symlink_data
