[0.113s] Invoking command in '/home/robot4/Documents/Nishant_github_repo/AdvancedMechatronics/choirbot_ws/build/choirbot_interfaces': CMAKE_PREFIX_PATH=/opt/ros/foxy /usr/bin/cmake /home/robot4/Documents/Nishant_github_repo/AdvancedMechatronics/choirbot_ws/src/ChoiRbot/choirbot_interfaces -DAMENT_CMAKE_SYMLINK_INSTALL=1 -DCMAKE_INSTALL_PREFIX=/home/robot4/Documents/Nishant_github_repo/AdvancedMechatronics/choirbot_ws/install/choirbot_interfaces
[0.434s] -- The C compiler identification is GNU 9.4.0
[0.697s] -- The CXX compiler identification is GNU 9.4.0
[0.718s] -- Check for working C compiler: /usr/bin/cc
[1.076s] -- Check for working C compiler: /usr/bin/cc -- works
[1.079s] -- Detecting C compiler ABI info
[1.454s] -- Detecting C compiler ABI info - done
[1.512s] -- Detecting C compile features
[1.518s] -- Detecting C compile features - done
[1.529s] -- Check for working CXX compiler: /usr/bin/c++
[1.919s] -- Check for working CXX compiler: /usr/bin/c++ -- works
[1.924s] -- Detecting CXX compiler ABI info
[2.316s] -- Detecting CXX compiler ABI info - done
[2.366s] -- Detecting CXX compile features
[2.369s] -- Detecting CXX compile features - done
[2.396s] -- Found ament_cmake: 0.9.12 (/opt/ros/foxy/share/ament_cmake/cmake)
[2.561s] -- Found PythonInterp: /usr/bin/python3 (found suitable version "3.8.10", minimum required is "3") 
[2.563s] -- Using PYTHON_EXECUTABLE: /usr/bin/python3
[3.693s] -- Override CMake install command with custom implementation using symlinks instead of copying resources
[4.026s] -- Found rosidl_default_generators: 1.0.1 (/opt/ros/foxy/share/rosidl_default_generators/cmake)
[4.057s] -- Using all available rosidl_typesupport_c: rosidl_typesupport_fastrtps_c;rosidl_typesupport_introspection_c
[4.154s] -- Found rosidl_adapter: 1.3.1 (/opt/ros/foxy/share/rosidl_adapter/cmake)
[5.030s] -- Found OpenSSL: /usr/lib/aarch64-linux-gnu/libcrypto.so (found version "1.1.1f")  
[5.322s] -- Found FastRTPS: /opt/ros/foxy/include  
[6.320s] -- Using all available rosidl_typesupport_cpp: rosidl_typesupport_fastrtps_cpp;rosidl_typesupport_introspection_cpp
[6.622s] -- Found PythonInterp: /usr/bin/python3 (found version "3.8.10") 
[7.797s] -- Found ament_cmake_ros: 0.9.2 (/opt/ros/foxy/share/ament_cmake_ros/cmake)
[8.944s] -- Using all available rosidl_typesupport_c: rosidl_typesupport_fastrtps_c;rosidl_typesupport_introspection_c
[9.077s] -- Using all available rosidl_typesupport_cpp: rosidl_typesupport_fastrtps_cpp;rosidl_typesupport_introspection_cpp
[9.222s] -- Found PythonInterp: /usr/bin/python3 (found suitable version "3.8.10", minimum required is "3.5") 
[9.279s] -- Found python_cmake_module: 0.8.1 (/opt/ros/foxy/share/python_cmake_module/cmake)
[9.444s] -- Found PythonLibs: /usr/lib/aarch64-linux-gnu/libpython3.8.so (found suitable version "3.8.10", minimum required is "3.5") 
[9.457s] -- Using PYTHON_EXECUTABLE: /usr/bin/python3
[9.462s] -- Using PYTHON_INCLUDE_DIRS: /usr/include/python3.8
[9.475s] -- Using PYTHON_LIBRARIES: /usr/lib/aarch64-linux-gnu/libpython3.8.so
[9.573s] -- Found PythonExtra: .so  
[10.437s] -- Configuring done
[10.743s] -- Generating done
[10.836s] -- Build files have been written to: /home/robot4/Documents/Nishant_github_repo/AdvancedMechatronics/choirbot_ws/build/choirbot_interfaces
[10.884s] Invoked command in '/home/robot4/Documents/Nishant_github_repo/AdvancedMechatronics/choirbot_ws/build/choirbot_interfaces' returned '0': CMAKE_PREFIX_PATH=/opt/ros/foxy /usr/bin/cmake /home/robot4/Documents/Nishant_github_repo/AdvancedMechatronics/choirbot_ws/src/ChoiRbot/choirbot_interfaces -DAMENT_CMAKE_SYMLINK_INSTALL=1 -DCMAKE_INSTALL_PREFIX=/home/robot4/Documents/Nishant_github_repo/AdvancedMechatronics/choirbot_ws/install/choirbot_interfaces
[10.896s] Invoking command in '/home/robot4/Documents/Nishant_github_repo/AdvancedMechatronics/choirbot_ws/build/choirbot_interfaces': CMAKE_PREFIX_PATH=/opt/ros/foxy /usr/bin/cmake --build /home/robot4/Documents/Nishant_github_repo/AdvancedMechatronics/choirbot_ws/build/choirbot_interfaces -- -j4 -l4
[11.089s] [35m[1mScanning dependencies of target choirbot_interfaces__cpp[0m
[11.091s] [  1%] [34m[1mGenerating C code for ROS interfaces[0m
[11.145s] [  3%] [34m[1mGenerating C++ code for ROS interfaces[0m
[14.263s] [  3%] Built target choirbot_interfaces__cpp
[14.345s] [  4%] [34m[1mGenerating C++ type support dispatch for ROS interfaces[0m
[14.421s] [  6%] [34m[1mGenerating C++ introspection for ROS interfaces[0m
[14.625s] [35m[1mScanning dependencies of target choirbot_interfaces__rosidl_generator_c[0m
[14.662s] [  7%] [34m[1mGenerating C++ type support for eProsima Fast-RTPS[0m
[14.807s] [  9%] [32mBuilding C object CMakeFiles/choirbot_interfaces__rosidl_generator_c.dir/rosidl_generator_c/choirbot_interfaces/action/detail/position_action__functions.c.o[0m
[15.797s] [ 11%] [32mBuilding C object CMakeFiles/choirbot_interfaces__rosidl_generator_c.dir/rosidl_generator_c/choirbot_interfaces/msg/detail/position_task__functions.c.o[0m
[16.401s] [ 12%] [32mBuilding C object CMakeFiles/choirbot_interfaces__rosidl_generator_c.dir/rosidl_generator_c/choirbot_interfaces/msg/detail/position_task_array__functions.c.o[0m
[17.010s] [ 14%] [32mBuilding C object CMakeFiles/choirbot_interfaces__rosidl_generator_c.dir/rosidl_generator_c/choirbot_interfaces/srv/detail/position_task_service__functions.c.o[0m
[17.094s] [35m[1mScanning dependencies of target choirbot_interfaces__rosidl_typesupport_cpp[0m
[17.257s] [ 15%] [32mBuilding CXX object CMakeFiles/choirbot_interfaces__rosidl_typesupport_cpp.dir/rosidl_typesupport_cpp/choirbot_interfaces/action/position_action__type_support.cpp.o[0m
[17.395s] [35m[1mScanning dependencies of target choirbot_interfaces__rosidl_typesupport_introspection_cpp[0m
[17.470s] [ 17%] [32mBuilding C object CMakeFiles/choirbot_interfaces__rosidl_generator_c.dir/rosidl_generator_c/choirbot_interfaces/srv/detail/task_completion_service__functions.c.o[0m
[17.694s] [ 19%] [32mBuilding CXX object CMakeFiles/choirbot_interfaces__rosidl_typesupport_introspection_cpp.dir/rosidl_typesupport_introspection_cpp/choirbot_interfaces/action/detail/position_action__type_support.cpp.o[0m
[18.029s] [ 20%] [32m[1mLinking C shared library libchoirbot_interfaces__rosidl_generator_c.so[0m
[18.612s] [ 20%] Built target choirbot_interfaces__rosidl_generator_c
[18.669s] [35m[1mScanning dependencies of target choirbot_interfaces__rosidl_typesupport_fastrtps_cpp[0m
[18.768s] [ 22%] [32mBuilding CXX object CMakeFiles/choirbot_interfaces__rosidl_typesupport_introspection_cpp.dir/rosidl_typesupport_introspection_cpp/choirbot_interfaces/msg/detail/position_task__type_support.cpp.o[0m
[19.021s] [ 23%] [32mBuilding CXX object CMakeFiles/choirbot_interfaces__rosidl_typesupport_fastrtps_cpp.dir/rosidl_typesupport_fastrtps_cpp/choirbot_interfaces/action/detail/dds_fastrtps/position_action__type_support.cpp.o[0m
[21.391s] [ 25%] [32mBuilding CXX object CMakeFiles/choirbot_interfaces__rosidl_typesupport_cpp.dir/rosidl_typesupport_cpp/choirbot_interfaces/msg/position_task__type_support.cpp.o[0m
[21.397s] [ 26%] [32mBuilding CXX object CMakeFiles/choirbot_interfaces__rosidl_typesupport_fastrtps_cpp.dir/rosidl_typesupport_fastrtps_cpp/choirbot_interfaces/msg/detail/dds_fastrtps/position_task__type_support.cpp.o[0m
[21.417s] [ 28%] [32mBuilding CXX object CMakeFiles/choirbot_interfaces__rosidl_typesupport_introspection_cpp.dir/rosidl_typesupport_introspection_cpp/choirbot_interfaces/msg/detail/position_task_array__type_support.cpp.o[0m
[23.186s] [ 30%] [32mBuilding CXX object CMakeFiles/choirbot_interfaces__rosidl_typesupport_introspection_cpp.dir/rosidl_typesupport_introspection_cpp/choirbot_interfaces/srv/detail/position_task_service__type_support.cpp.o[0m
[23.939s] [ 31%] [32mBuilding CXX object CMakeFiles/choirbot_interfaces__rosidl_typesupport_introspection_cpp.dir/rosidl_typesupport_introspection_cpp/choirbot_interfaces/srv/detail/task_completion_service__type_support.cpp.o[0m
[24.038s] [ 33%] [32mBuilding CXX object CMakeFiles/choirbot_interfaces__rosidl_typesupport_cpp.dir/rosidl_typesupport_cpp/choirbot_interfaces/msg/position_task_array__type_support.cpp.o[0m
[24.751s] [ 34%] [32mBuilding CXX object CMakeFiles/choirbot_interfaces__rosidl_typesupport_fastrtps_cpp.dir/rosidl_typesupport_fastrtps_cpp/choirbot_interfaces/msg/detail/dds_fastrtps/position_task_array__type_support.cpp.o[0m
[26.445s] [ 36%] [32mBuilding CXX object CMakeFiles/choirbot_interfaces__rosidl_typesupport_cpp.dir/rosidl_typesupport_cpp/choirbot_interfaces/srv/position_task_service__type_support.cpp.o[0m
[26.624s] [ 38%] [32mBuilding CXX object CMakeFiles/choirbot_interfaces__rosidl_typesupport_cpp.dir/rosidl_typesupport_cpp/choirbot_interfaces/srv/task_completion_service__type_support.cpp.o[0m
[27.202s] [ 39%] [32m[1mLinking CXX shared library libchoirbot_interfaces__rosidl_typesupport_introspection_cpp.so[0m
[27.797s] [ 39%] Built target choirbot_interfaces__rosidl_typesupport_introspection_cpp
[27.856s] [ 41%] [32mBuilding CXX object CMakeFiles/choirbot_interfaces__rosidl_typesupport_fastrtps_cpp.dir/rosidl_typesupport_fastrtps_cpp/choirbot_interfaces/srv/detail/dds_fastrtps/position_task_service__type_support.cpp.o[0m
[28.292s] [ 42%] [34m[1mGenerating C introspection for ROS interfaces[0m
[28.824s] [ 44%] [34m[1mGenerating C type support dispatch for ROS interfaces[0m
[30.024s] [ 46%] [32m[1mLinking CXX shared library libchoirbot_interfaces__rosidl_typesupport_cpp.so[0m
[30.322s] [ 46%] Built target choirbot_interfaces__rosidl_typesupport_cpp
[30.426s] [ 47%] [32mBuilding CXX object CMakeFiles/choirbot_interfaces__rosidl_typesupport_fastrtps_cpp.dir/rosidl_typesupport_fastrtps_cpp/choirbot_interfaces/srv/detail/dds_fastrtps/task_completion_service__type_support.cpp.o[0m
[31.740s] [35m[1mScanning dependencies of target choirbot_interfaces__rosidl_typesupport_introspection_c[0m
[31.873s] [35m[1mScanning dependencies of target choirbot_interfaces__rosidl_typesupport_c[0m
[31.896s] [ 49%] [32mBuilding C object CMakeFiles/choirbot_interfaces__rosidl_typesupport_introspection_c.dir/rosidl_typesupport_introspection_c/choirbot_interfaces/action/detail/position_action__type_support.c.o[0m
[31.938s] [ 50%] [32mBuilding C object CMakeFiles/choirbot_interfaces__rosidl_typesupport_introspection_c.dir/rosidl_typesupport_introspection_c/choirbot_interfaces/msg/detail/position_task__type_support.c.o[0m
[32.042s] [ 52%] [32mBuilding CXX object CMakeFiles/choirbot_interfaces__rosidl_typesupport_c.dir/rosidl_typesupport_c/choirbot_interfaces/action/position_action__type_support.cpp.o[0m
[32.212s] [ 53%] [32mBuilding C object CMakeFiles/choirbot_interfaces__rosidl_typesupport_introspection_c.dir/rosidl_typesupport_introspection_c/choirbot_interfaces/msg/detail/position_task_array__type_support.c.o[0m
[32.432s] [ 55%] [32mBuilding CXX object CMakeFiles/choirbot_interfaces__rosidl_typesupport_c.dir/rosidl_typesupport_c/choirbot_interfaces/msg/position_task__type_support.cpp.o[0m
[32.461s] [ 57%] [32mBuilding C object CMakeFiles/choirbot_interfaces__rosidl_typesupport_introspection_c.dir/rosidl_typesupport_introspection_c/choirbot_interfaces/srv/detail/position_task_service__type_support.c.o[0m
[32.535s] [ 58%] [32mBuilding CXX object CMakeFiles/choirbot_interfaces__rosidl_typesupport_c.dir/rosidl_typesupport_c/choirbot_interfaces/msg/position_task_array__type_support.cpp.o[0m
[32.656s] [ 60%] [32mBuilding C object CMakeFiles/choirbot_interfaces__rosidl_typesupport_introspection_c.dir/rosidl_typesupport_introspection_c/choirbot_interfaces/srv/detail/task_completion_service__type_support.c.o[0m
[32.827s] [ 61%] [32mBuilding CXX object CMakeFiles/choirbot_interfaces__rosidl_typesupport_c.dir/rosidl_typesupport_c/choirbot_interfaces/srv/position_task_service__type_support.cpp.o[0m
[32.845s] [ 63%] [32mBuilding CXX object CMakeFiles/choirbot_interfaces__rosidl_typesupport_c.dir/rosidl_typesupport_c/choirbot_interfaces/srv/task_completion_service__type_support.cpp.o[0m
[32.961s] [ 65%] [32m[1mLinking C shared library libchoirbot_interfaces__rosidl_typesupport_introspection_c.so[0m
[33.110s] [ 66%] [32m[1mLinking CXX shared library libchoirbot_interfaces__rosidl_typesupport_c.so[0m
[33.179s] [ 66%] Built target choirbot_interfaces__rosidl_typesupport_introspection_c
[33.329s] [ 66%] Built target choirbot_interfaces__rosidl_typesupport_c
[33.829s] [ 68%] [32m[1mLinking CXX shared library libchoirbot_interfaces__rosidl_typesupport_fastrtps_cpp.so[0m
[34.222s] [ 68%] Built target choirbot_interfaces__rosidl_typesupport_fastrtps_cpp
[34.269s] [ 69%] [34m[1mGenerating C type support for eProsima Fast-RTPS[0m
[36.492s] [35m[1mScanning dependencies of target choirbot_interfaces__rosidl_typesupport_fastrtps_c[0m
[36.624s] [ 71%] [32mBuilding CXX object CMakeFiles/choirbot_interfaces__rosidl_typesupport_fastrtps_c.dir/rosidl_typesupport_fastrtps_c/choirbot_interfaces/srv/detail/position_task_service__type_support_c.cpp.o[0m
[36.666s] [ 73%] [32mBuilding CXX object CMakeFiles/choirbot_interfaces__rosidl_typesupport_fastrtps_c.dir/rosidl_typesupport_fastrtps_c/choirbot_interfaces/msg/detail/position_task__type_support_c.cpp.o[0m
[36.744s] [ 74%] [32mBuilding CXX object CMakeFiles/choirbot_interfaces__rosidl_typesupport_fastrtps_c.dir/rosidl_typesupport_fastrtps_c/choirbot_interfaces/msg/detail/position_task_array__type_support_c.cpp.o[0m
[36.747s] [ 76%] [32mBuilding CXX object CMakeFiles/choirbot_interfaces__rosidl_typesupport_fastrtps_c.dir/rosidl_typesupport_fastrtps_c/choirbot_interfaces/action/detail/position_action__type_support_c.cpp.o[0m
[39.309s] [ 77%] [32mBuilding CXX object CMakeFiles/choirbot_interfaces__rosidl_typesupport_fastrtps_c.dir/rosidl_typesupport_fastrtps_c/choirbot_interfaces/srv/detail/task_completion_service__type_support_c.cpp.o[0m
[41.116s] [ 79%] [32m[1mLinking CXX shared library libchoirbot_interfaces__rosidl_typesupport_fastrtps_c.so[0m
[41.535s] [ 79%] Built target choirbot_interfaces__rosidl_typesupport_fastrtps_c
[41.578s] [35m[1mScanning dependencies of target choirbot_interfaces[0m
[41.628s] [ 79%] Built target choirbot_interfaces
[41.673s] [35m[1mScanning dependencies of target choirbot_interfaces__py[0m
[41.723s] [ 80%] [34m[1mGenerating Python code for ROS interfaces[0m
[46.876s] [ 80%] Built target choirbot_interfaces__py
[46.921s] [35m[1mScanning dependencies of target choirbot_interfaces__python[0m
[47.063s] [ 82%] [32mBuilding C object CMakeFiles/choirbot_interfaces__python.dir/rosidl_generator_py/choirbot_interfaces/msg/_position_task_array_s.c.o[0m
[47.106s] [ 84%] [32mBuilding C object CMakeFiles/choirbot_interfaces__python.dir/rosidl_generator_py/choirbot_interfaces/action/_position_action_s.c.o[0m
[47.123s] [ 85%] [32mBuilding C object CMakeFiles/choirbot_interfaces__python.dir/rosidl_generator_py/choirbot_interfaces/srv/_position_task_service_s.c.o[0m
[47.131s] [ 87%] [32mBuilding C object CMakeFiles/choirbot_interfaces__python.dir/rosidl_generator_py/choirbot_interfaces/msg/_position_task_s.c.o[0m
[47.758s] [ 88%] [32mBuilding C object CMakeFiles/choirbot_interfaces__python.dir/rosidl_generator_py/choirbot_interfaces/srv/_task_completion_service_s.c.o[0m
[48.244s] [ 90%] [32m[1mLinking C shared library rosidl_generator_py/choirbot_interfaces/libchoirbot_interfaces__python.so[0m
[48.477s] [ 90%] Built target choirbot_interfaces__python
[48.530s] [35m[1mScanning dependencies of target choirbot_interfaces__rosidl_typesupport_c__pyext[0m
[48.533s] [35m[1mScanning dependencies of target choirbot_interfaces__rosidl_typesupport_introspection_c__pyext[0m
[48.552s] [35m[1mScanning dependencies of target choirbot_interfaces__rosidl_typesupport_fastrtps_c__pyext[0m
[48.665s] [ 92%] [32mBuilding C object CMakeFiles/choirbot_interfaces__rosidl_typesupport_c__pyext.dir/rosidl_generator_py/choirbot_interfaces/_choirbot_interfaces_s.ep.rosidl_typesupport_c.c.o[0m
[48.667s] [ 93%] [32mBuilding C object CMakeFiles/choirbot_interfaces__rosidl_typesupport_introspection_c__pyext.dir/rosidl_generator_py/choirbot_interfaces/_choirbot_interfaces_s.ep.rosidl_typesupport_introspection_c.c.o[0m
[48.763s] [ 95%] [32mBuilding C object CMakeFiles/choirbot_interfaces__rosidl_typesupport_fastrtps_c__pyext.dir/rosidl_generator_py/choirbot_interfaces/_choirbot_interfaces_s.ep.rosidl_typesupport_fastrtps_c.c.o[0m
[49.517s] [ 96%] [32m[1mLinking C shared library rosidl_generator_py/choirbot_interfaces/choirbot_interfaces_s__rosidl_typesupport_introspection_c.cpython-38-aarch64-linux-gnu.so[0m
[49.637s] [ 98%] [32m[1mLinking CXX shared library rosidl_generator_py/choirbot_interfaces/choirbot_interfaces_s__rosidl_typesupport_fastrtps_c.cpython-38-aarch64-linux-gnu.so[0m
[49.723s] [100%] [32m[1mLinking C shared library rosidl_generator_py/choirbot_interfaces/choirbot_interfaces_s__rosidl_typesupport_c.cpython-38-aarch64-linux-gnu.so[0m
[49.874s] [100%] Built target choirbot_interfaces__rosidl_typesupport_introspection_c__pyext
[50.048s] [100%] Built target choirbot_interfaces__rosidl_typesupport_c__pyext
[50.111s] [100%] Built target choirbot_interfaces__rosidl_typesupport_fastrtps_c__pyext
[50.167s] Invoked command in '/home/robot4/Documents/Nishant_github_repo/AdvancedMechatronics/choirbot_ws/build/choirbot_interfaces' returned '0': CMAKE_PREFIX_PATH=/opt/ros/foxy /usr/bin/cmake --build /home/robot4/Documents/Nishant_github_repo/AdvancedMechatronics/choirbot_ws/build/choirbot_interfaces -- -j4 -l4
[50.223s] Invoking command in '/home/robot4/Documents/Nishant_github_repo/AdvancedMechatronics/choirbot_ws/build/choirbot_interfaces': CMAKE_PREFIX_PATH=/opt/ros/foxy /usr/bin/cmake --install /home/robot4/Documents/Nishant_github_repo/AdvancedMechatronics/choirbot_ws/build/choirbot_interfaces
[50.260s] -- Install configuration: ""
[50.262s] -- Execute custom install script
[50.264s] -- Symlinking: /home/robot4/Documents/Nishant_github_repo/AdvancedMechatronics/choirbot_ws/install/choirbot_interfaces/share/ament_index/resource_index/rosidl_interfaces/choirbot_interfaces
[50.304s] -- Symlinking: /home/robot4/Documents/Nishant_github_repo/AdvancedMechatronics/choirbot_ws/install/choirbot_interfaces/include/choirbot_interfaces/action/detail/position_action__functions.h
[50.342s] -- Symlinking: /home/robot4/Documents/Nishant_github_repo/AdvancedMechatronics/choirbot_ws/install/choirbot_interfaces/include/choirbot_interfaces/action/detail/position_action__struct.h
[50.377s] -- Symlinking: /home/robot4/Documents/Nishant_github_repo/AdvancedMechatronics/choirbot_ws/install/choirbot_interfaces/include/choirbot_interfaces/action/detail/position_action__type_support.h
[50.419s] -- Symlinking: /home/robot4/Documents/Nishant_github_repo/AdvancedMechatronics/choirbot_ws/install/choirbot_interfaces/include/choirbot_interfaces/action/position_action.h
[50.455s] -- Symlinking: /home/robot4/Documents/Nishant_github_repo/AdvancedMechatronics/choirbot_ws/install/choirbot_interfaces/include/choirbot_interfaces/msg/detail/position_task__functions.h
[50.491s] -- Symlinking: /home/robot4/Documents/Nishant_github_repo/AdvancedMechatronics/choirbot_ws/install/choirbot_interfaces/include/choirbot_interfaces/msg/detail/position_task__struct.h
[50.530s] -- Symlinking: /home/robot4/Documents/Nishant_github_repo/AdvancedMechatronics/choirbot_ws/install/choirbot_interfaces/include/choirbot_interfaces/msg/detail/position_task__type_support.h
[50.566s] -- Symlinking: /home/robot4/Documents/Nishant_github_repo/AdvancedMechatronics/choirbot_ws/install/choirbot_interfaces/include/choirbot_interfaces/msg/detail/position_task_array__functions.h
[50.602s] -- Symlinking: /home/robot4/Documents/Nishant_github_repo/AdvancedMechatronics/choirbot_ws/install/choirbot_interfaces/include/choirbot_interfaces/msg/detail/position_task_array__struct.h
[50.643s] -- Symlinking: /home/robot4/Documents/Nishant_github_repo/AdvancedMechatronics/choirbot_ws/install/choirbot_interfaces/include/choirbot_interfaces/msg/detail/position_task_array__type_support.h
[50.735s] -- Symlinking: /home/robot4/Documents/Nishant_github_repo/AdvancedMechatronics/choirbot_ws/install/choirbot_interfaces/include/choirbot_interfaces/msg/position_task.h
[50.777s] -- Symlinking: /home/robot4/Documents/Nishant_github_repo/AdvancedMechatronics/choirbot_ws/install/choirbot_interfaces/include/choirbot_interfaces/msg/position_task_array.h
[50.817s] -- Symlinking: /home/robot4/Documents/Nishant_github_repo/AdvancedMechatronics/choirbot_ws/install/choirbot_interfaces/include/choirbot_interfaces/msg/rosidl_generator_c__visibility_control.h
[50.853s] -- Symlinking: /home/robot4/Documents/Nishant_github_repo/AdvancedMechatronics/choirbot_ws/install/choirbot_interfaces/include/choirbot_interfaces/srv/detail/position_task_service__functions.h
[50.889s] -- Symlinking: /home/robot4/Documents/Nishant_github_repo/AdvancedMechatronics/choirbot_ws/install/choirbot_interfaces/include/choirbot_interfaces/srv/detail/position_task_service__struct.h
[50.928s] -- Symlinking: /home/robot4/Documents/Nishant_github_repo/AdvancedMechatronics/choirbot_ws/install/choirbot_interfaces/include/choirbot_interfaces/srv/detail/position_task_service__type_support.h
[50.965s] -- Symlinking: /home/robot4/Documents/Nishant_github_repo/AdvancedMechatronics/choirbot_ws/install/choirbot_interfaces/include/choirbot_interfaces/srv/detail/task_completion_service__functions.h
[51.001s] -- Symlinking: /home/robot4/Documents/Nishant_github_repo/AdvancedMechatronics/choirbot_ws/install/choirbot_interfaces/include/choirbot_interfaces/srv/detail/task_completion_service__struct.h
[51.041s] -- Symlinking: /home/robot4/Documents/Nishant_github_repo/AdvancedMechatronics/choirbot_ws/install/choirbot_interfaces/include/choirbot_interfaces/srv/detail/task_completion_service__type_support.h
[51.076s] -- Symlinking: /home/robot4/Documents/Nishant_github_repo/AdvancedMechatronics/choirbot_ws/install/choirbot_interfaces/include/choirbot_interfaces/srv/position_task_service.h
[51.114s] -- Symlinking: /home/robot4/Documents/Nishant_github_repo/AdvancedMechatronics/choirbot_ws/install/choirbot_interfaces/include/choirbot_interfaces/srv/task_completion_service.h
[51.152s] -- Symlinking: /home/robot4/Documents/Nishant_github_repo/AdvancedMechatronics/choirbot_ws/install/choirbot_interfaces/share/choirbot_interfaces/environment/library_path.sh
[51.189s] -- Symlinking: /home/robot4/Documents/Nishant_github_repo/AdvancedMechatronics/choirbot_ws/install/choirbot_interfaces/share/choirbot_interfaces/environment/library_path.dsv
[51.233s] -- Symlinking: /home/robot4/Documents/Nishant_github_repo/AdvancedMechatronics/choirbot_ws/install/choirbot_interfaces/include/choirbot_interfaces/action/detail/position_action__rosidl_typesupport_fastrtps_c.h
[51.271s] -- Symlinking: /home/robot4/Documents/Nishant_github_repo/AdvancedMechatronics/choirbot_ws/install/choirbot_interfaces/include/choirbot_interfaces/msg/detail/position_task__rosidl_typesupport_fastrtps_c.h
[51.306s] -- Symlinking: /home/robot4/Documents/Nishant_github_repo/AdvancedMechatronics/choirbot_ws/install/choirbot_interfaces/include/choirbot_interfaces/msg/detail/position_task_array__rosidl_typesupport_fastrtps_c.h
[51.347s] -- Symlinking: /home/robot4/Documents/Nishant_github_repo/AdvancedMechatronics/choirbot_ws/install/choirbot_interfaces/include/choirbot_interfaces/msg/rosidl_typesupport_fastrtps_c__visibility_control.h
[51.382s] -- Symlinking: /home/robot4/Documents/Nishant_github_repo/AdvancedMechatronics/choirbot_ws/install/choirbot_interfaces/include/choirbot_interfaces/srv/detail/position_task_service__rosidl_typesupport_fastrtps_c.h
[51.421s] -- Symlinking: /home/robot4/Documents/Nishant_github_repo/AdvancedMechatronics/choirbot_ws/install/choirbot_interfaces/include/choirbot_interfaces/srv/detail/task_completion_service__rosidl_typesupport_fastrtps_c.h
[51.457s] -- Symlinking: /home/robot4/Documents/Nishant_github_repo/AdvancedMechatronics/choirbot_ws/install/choirbot_interfaces/lib/libchoirbot_interfaces__rosidl_typesupport_fastrtps_c.so
[51.501s] -- Symlinking: /home/robot4/Documents/Nishant_github_repo/AdvancedMechatronics/choirbot_ws/install/choirbot_interfaces/include/choirbot_interfaces/action/detail/position_action__rosidl_typesupport_fastrtps_cpp.hpp
[51.542s] -- Symlinking: /home/robot4/Documents/Nishant_github_repo/AdvancedMechatronics/choirbot_ws/install/choirbot_interfaces/include/choirbot_interfaces/msg/detail/position_task__rosidl_typesupport_fastrtps_cpp.hpp
[51.580s] -- Symlinking: /home/robot4/Documents/Nishant_github_repo/AdvancedMechatronics/choirbot_ws/install/choirbot_interfaces/include/choirbot_interfaces/msg/detail/position_task_array__rosidl_typesupport_fastrtps_cpp.hpp
[51.619s] -- Symlinking: /home/robot4/Documents/Nishant_github_repo/AdvancedMechatronics/choirbot_ws/install/choirbot_interfaces/include/choirbot_interfaces/msg/rosidl_typesupport_fastrtps_cpp__visibility_control.h
[51.653s] -- Symlinking: /home/robot4/Documents/Nishant_github_repo/AdvancedMechatronics/choirbot_ws/install/choirbot_interfaces/include/choirbot_interfaces/srv/detail/position_task_service__rosidl_typesupport_fastrtps_cpp.hpp
[51.689s] -- Symlinking: /home/robot4/Documents/Nishant_github_repo/AdvancedMechatronics/choirbot_ws/install/choirbot_interfaces/include/choirbot_interfaces/srv/detail/task_completion_service__rosidl_typesupport_fastrtps_cpp.hpp
[51.729s] -- Symlinking: /home/robot4/Documents/Nishant_github_repo/AdvancedMechatronics/choirbot_ws/install/choirbot_interfaces/lib/libchoirbot_interfaces__rosidl_typesupport_fastrtps_cpp.so
[51.768s] -- Symlinking: /home/robot4/Documents/Nishant_github_repo/AdvancedMechatronics/choirbot_ws/install/choirbot_interfaces/include/choirbot_interfaces/action/detail/position_action__rosidl_typesupport_introspection_c.h
[51.805s] -- Symlinking: /home/robot4/Documents/Nishant_github_repo/AdvancedMechatronics/choirbot_ws/install/choirbot_interfaces/include/choirbot_interfaces/msg/detail/position_task__rosidl_typesupport_introspection_c.h
[51.845s] -- Symlinking: /home/robot4/Documents/Nishant_github_repo/AdvancedMechatronics/choirbot_ws/install/choirbot_interfaces/include/choirbot_interfaces/msg/detail/position_task_array__rosidl_typesupport_introspection_c.h
[51.881s] -- Symlinking: /home/robot4/Documents/Nishant_github_repo/AdvancedMechatronics/choirbot_ws/install/choirbot_interfaces/include/choirbot_interfaces/msg/rosidl_typesupport_introspection_c__visibility_control.h
[51.923s] -- Symlinking: /home/robot4/Documents/Nishant_github_repo/AdvancedMechatronics/choirbot_ws/install/choirbot_interfaces/include/choirbot_interfaces/srv/detail/position_task_service__rosidl_typesupport_introspection_c.h
[51.956s] -- Symlinking: /home/robot4/Documents/Nishant_github_repo/AdvancedMechatronics/choirbot_ws/install/choirbot_interfaces/include/choirbot_interfaces/srv/detail/task_completion_service__rosidl_typesupport_introspection_c.h
[51.997s] -- Symlinking: /home/robot4/Documents/Nishant_github_repo/AdvancedMechatronics/choirbot_ws/install/choirbot_interfaces/include/choirbot_interfaces/action/detail/position_action__builder.hpp
[52.038s] -- Symlinking: /home/robot4/Documents/Nishant_github_repo/AdvancedMechatronics/choirbot_ws/install/choirbot_interfaces/include/choirbot_interfaces/action/detail/position_action__struct.hpp
[52.073s] -- Symlinking: /home/robot4/Documents/Nishant_github_repo/AdvancedMechatronics/choirbot_ws/install/choirbot_interfaces/include/choirbot_interfaces/action/detail/position_action__traits.hpp
[52.109s] -- Symlinking: /home/robot4/Documents/Nishant_github_repo/AdvancedMechatronics/choirbot_ws/install/choirbot_interfaces/include/choirbot_interfaces/action/detail/position_action__type_support.hpp
[52.147s] -- Symlinking: /home/robot4/Documents/Nishant_github_repo/AdvancedMechatronics/choirbot_ws/install/choirbot_interfaces/include/choirbot_interfaces/action/position_action.hpp
[52.183s] -- Symlinking: /home/robot4/Documents/Nishant_github_repo/AdvancedMechatronics/choirbot_ws/install/choirbot_interfaces/include/choirbot_interfaces/msg/detail/position_task__builder.hpp
[52.222s] -- Symlinking: /home/robot4/Documents/Nishant_github_repo/AdvancedMechatronics/choirbot_ws/install/choirbot_interfaces/include/choirbot_interfaces/msg/detail/position_task__struct.hpp
[52.257s] -- Symlinking: /home/robot4/Documents/Nishant_github_repo/AdvancedMechatronics/choirbot_ws/install/choirbot_interfaces/include/choirbot_interfaces/msg/detail/position_task__traits.hpp
[52.292s] -- Symlinking: /home/robot4/Documents/Nishant_github_repo/AdvancedMechatronics/choirbot_ws/install/choirbot_interfaces/include/choirbot_interfaces/msg/detail/position_task__type_support.hpp
[52.331s] -- Symlinking: /home/robot4/Documents/Nishant_github_repo/AdvancedMechatronics/choirbot_ws/install/choirbot_interfaces/include/choirbot_interfaces/msg/detail/position_task_array__builder.hpp
[52.367s] -- Symlinking: /home/robot4/Documents/Nishant_github_repo/AdvancedMechatronics/choirbot_ws/install/choirbot_interfaces/include/choirbot_interfaces/msg/detail/position_task_array__struct.hpp
[52.401s] -- Symlinking: /home/robot4/Documents/Nishant_github_repo/AdvancedMechatronics/choirbot_ws/install/choirbot_interfaces/include/choirbot_interfaces/msg/detail/position_task_array__traits.hpp
[52.441s] -- Symlinking: /home/robot4/Documents/Nishant_github_repo/AdvancedMechatronics/choirbot_ws/install/choirbot_interfaces/include/choirbot_interfaces/msg/detail/position_task_array__type_support.hpp
[52.477s] -- Symlinking: /home/robot4/Documents/Nishant_github_repo/AdvancedMechatronics/choirbot_ws/install/choirbot_interfaces/include/choirbot_interfaces/msg/position_task.hpp
[52.512s] -- Symlinking: /home/robot4/Documents/Nishant_github_repo/AdvancedMechatronics/choirbot_ws/install/choirbot_interfaces/include/choirbot_interfaces/msg/position_task_array.hpp
[52.551s] -- Symlinking: /home/robot4/Documents/Nishant_github_repo/AdvancedMechatronics/choirbot_ws/install/choirbot_interfaces/include/choirbot_interfaces/msg/rosidl_generator_cpp__visibility_control.hpp
[52.587s] -- Symlinking: /home/robot4/Documents/Nishant_github_repo/AdvancedMechatronics/choirbot_ws/install/choirbot_interfaces/include/choirbot_interfaces/srv/detail/position_task_service__builder.hpp
[52.622s] -- Symlinking: /home/robot4/Documents/Nishant_github_repo/AdvancedMechatronics/choirbot_ws/install/choirbot_interfaces/include/choirbot_interfaces/srv/detail/position_task_service__struct.hpp
[52.660s] -- Symlinking: /home/robot4/Documents/Nishant_github_repo/AdvancedMechatronics/choirbot_ws/install/choirbot_interfaces/include/choirbot_interfaces/srv/detail/position_task_service__traits.hpp
[52.696s] -- Symlinking: /home/robot4/Documents/Nishant_github_repo/AdvancedMechatronics/choirbot_ws/install/choirbot_interfaces/include/choirbot_interfaces/srv/detail/position_task_service__type_support.hpp
[52.735s] -- Symlinking: /home/robot4/Documents/Nishant_github_repo/AdvancedMechatronics/choirbot_ws/install/choirbot_interfaces/include/choirbot_interfaces/srv/detail/task_completion_service__builder.hpp
[52.770s] -- Symlinking: /home/robot4/Documents/Nishant_github_repo/AdvancedMechatronics/choirbot_ws/install/choirbot_interfaces/include/choirbot_interfaces/srv/detail/task_completion_service__struct.hpp
[52.806s] -- Symlinking: /home/robot4/Documents/Nishant_github_repo/AdvancedMechatronics/choirbot_ws/install/choirbot_interfaces/include/choirbot_interfaces/srv/detail/task_completion_service__traits.hpp
[52.844s] -- Symlinking: /home/robot4/Documents/Nishant_github_repo/AdvancedMechatronics/choirbot_ws/install/choirbot_interfaces/include/choirbot_interfaces/srv/detail/task_completion_service__type_support.hpp
[52.881s] -- Symlinking: /home/robot4/Documents/Nishant_github_repo/AdvancedMechatronics/choirbot_ws/install/choirbot_interfaces/include/choirbot_interfaces/srv/position_task_service.hpp
[52.917s] -- Symlinking: /home/robot4/Documents/Nishant_github_repo/AdvancedMechatronics/choirbot_ws/install/choirbot_interfaces/include/choirbot_interfaces/srv/task_completion_service.hpp
[52.958s] -- Symlinking: /home/robot4/Documents/Nishant_github_repo/AdvancedMechatronics/choirbot_ws/install/choirbot_interfaces/include/choirbot_interfaces/action/detail/position_action__rosidl_typesupport_introspection_cpp.hpp
[52.995s] -- Symlinking: /home/robot4/Documents/Nishant_github_repo/AdvancedMechatronics/choirbot_ws/install/choirbot_interfaces/include/choirbot_interfaces/msg/detail/position_task__rosidl_typesupport_introspection_cpp.hpp
[53.034s] -- Symlinking: /home/robot4/Documents/Nishant_github_repo/AdvancedMechatronics/choirbot_ws/install/choirbot_interfaces/include/choirbot_interfaces/msg/detail/position_task_array__rosidl_typesupport_introspection_cpp.hpp
[53.070s] -- Symlinking: /home/robot4/Documents/Nishant_github_repo/AdvancedMechatronics/choirbot_ws/install/choirbot_interfaces/include/choirbot_interfaces/srv/detail/position_task_service__rosidl_typesupport_introspection_cpp.hpp
[53.106s] -- Symlinking: /home/robot4/Documents/Nishant_github_repo/AdvancedMechatronics/choirbot_ws/install/choirbot_interfaces/include/choirbot_interfaces/srv/detail/task_completion_service__rosidl_typesupport_introspection_cpp.hpp
[53.147s] -- Symlinking: /home/robot4/Documents/Nishant_github_repo/AdvancedMechatronics/choirbot_ws/install/choirbot_interfaces/share/choirbot_interfaces/environment/pythonpath.sh
[53.183s] -- Symlinking: /home/robot4/Documents/Nishant_github_repo/AdvancedMechatronics/choirbot_ws/install/choirbot_interfaces/share/choirbot_interfaces/environment/pythonpath.dsv
[53.221s] -- Symlinking: /home/robot4/Documents/Nishant_github_repo/AdvancedMechatronics/choirbot_ws/install/choirbot_interfaces/lib/python3.8/site-packages/choirbot_interfaces/__init__.py
[53.261s] -- Symlinking: /home/robot4/Documents/Nishant_github_repo/AdvancedMechatronics/choirbot_ws/install/choirbot_interfaces/lib/python3.8/site-packages/choirbot_interfaces/action/__init__.py
[53.297s] -- Symlinking: /home/robot4/Documents/Nishant_github_repo/AdvancedMechatronics/choirbot_ws/install/choirbot_interfaces/lib/python3.8/site-packages/choirbot_interfaces/action/_position_action.py
[53.339s] -- Symlinking: /home/robot4/Documents/Nishant_github_repo/AdvancedMechatronics/choirbot_ws/install/choirbot_interfaces/lib/python3.8/site-packages/choirbot_interfaces/msg/__init__.py
[53.376s] -- Symlinking: /home/robot4/Documents/Nishant_github_repo/AdvancedMechatronics/choirbot_ws/install/choirbot_interfaces/lib/python3.8/site-packages/choirbot_interfaces/msg/_position_task.py
[53.411s] -- Symlinking: /home/robot4/Documents/Nishant_github_repo/AdvancedMechatronics/choirbot_ws/install/choirbot_interfaces/lib/python3.8/site-packages/choirbot_interfaces/msg/_position_task_array.py
[53.452s] -- Symlinking: /home/robot4/Documents/Nishant_github_repo/AdvancedMechatronics/choirbot_ws/install/choirbot_interfaces/lib/python3.8/site-packages/choirbot_interfaces/srv/__init__.py
[53.488s] -- Symlinking: /home/robot4/Documents/Nishant_github_repo/AdvancedMechatronics/choirbot_ws/install/choirbot_interfaces/lib/python3.8/site-packages/choirbot_interfaces/srv/_position_task_service.py
[53.525s] -- Symlinking: /home/robot4/Documents/Nishant_github_repo/AdvancedMechatronics/choirbot_ws/install/choirbot_interfaces/lib/python3.8/site-packages/choirbot_interfaces/srv/_task_completion_service.py
[53.565s] -- Symlinking: /home/robot4/Documents/Nishant_github_repo/AdvancedMechatronics/choirbot_ws/install/choirbot_interfaces/lib/python3.8/site-packages/choirbot_interfaces/choirbot_interfaces_s__rosidl_typesupport_fastrtps_c.cpython-38-aarch64-linux-gnu.so
[53.603s] -- Symlinking: /home/robot4/Documents/Nishant_github_repo/AdvancedMechatronics/choirbot_ws/install/choirbot_interfaces/lib/python3.8/site-packages/choirbot_interfaces/choirbot_interfaces_s__rosidl_typesupport_introspection_c.cpython-38-aarch64-linux-gnu.so
[53.643s] -- Symlinking: /home/robot4/Documents/Nishant_github_repo/AdvancedMechatronics/choirbot_ws/install/choirbot_interfaces/lib/python3.8/site-packages/choirbot_interfaces/choirbot_interfaces_s__rosidl_typesupport_c.cpython-38-aarch64-linux-gnu.so
[53.680s] -- Symlinking: /home/robot4/Documents/Nishant_github_repo/AdvancedMechatronics/choirbot_ws/install/choirbot_interfaces/lib/libchoirbot_interfaces__python.so
[53.720s] -- Symlinking: /home/robot4/Documents/Nishant_github_repo/AdvancedMechatronics/choirbot_ws/install/choirbot_interfaces/share/choirbot_interfaces/action/PositionAction.idl
[53.760s] -- Symlinking: /home/robot4/Documents/Nishant_github_repo/AdvancedMechatronics/choirbot_ws/install/choirbot_interfaces/share/choirbot_interfaces/msg/PositionTask.idl
[53.797s] -- Symlinking: /home/robot4/Documents/Nishant_github_repo/AdvancedMechatronics/choirbot_ws/install/choirbot_interfaces/share/choirbot_interfaces/msg/PositionTaskArray.idl
[53.837s] -- Symlinking: /home/robot4/Documents/Nishant_github_repo/AdvancedMechatronics/choirbot_ws/install/choirbot_interfaces/share/choirbot_interfaces/srv/PositionTaskService.idl
[53.875s] -- Symlinking: /home/robot4/Documents/Nishant_github_repo/AdvancedMechatronics/choirbot_ws/install/choirbot_interfaces/share/choirbot_interfaces/srv/TaskCompletionService.idl
[53.911s] -- Symlinking: /home/robot4/Documents/Nishant_github_repo/AdvancedMechatronics/choirbot_ws/install/choirbot_interfaces/share/choirbot_interfaces/action/PositionAction.action
[53.951s] -- Symlinking: /home/robot4/Documents/Nishant_github_repo/AdvancedMechatronics/choirbot_ws/install/choirbot_interfaces/share/choirbot_interfaces/msg/PositionTask.msg
[53.987s] -- Symlinking: /home/robot4/Documents/Nishant_github_repo/AdvancedMechatronics/choirbot_ws/install/choirbot_interfaces/share/choirbot_interfaces/msg/PositionTaskArray.msg
[54.024s] -- Symlinking: /home/robot4/Documents/Nishant_github_repo/AdvancedMechatronics/choirbot_ws/install/choirbot_interfaces/share/choirbot_interfaces/srv/PositionTaskService.srv
[54.062s] -- Symlinking: /home/robot4/Documents/Nishant_github_repo/AdvancedMechatronics/choirbot_ws/install/choirbot_interfaces/share/choirbot_interfaces/srv/PositionTaskService_Request.msg
[54.098s] -- Symlinking: /home/robot4/Documents/Nishant_github_repo/AdvancedMechatronics/choirbot_ws/install/choirbot_interfaces/share/choirbot_interfaces/srv/PositionTaskService_Response.msg
[54.138s] -- Symlinking: /home/robot4/Documents/Nishant_github_repo/AdvancedMechatronics/choirbot_ws/install/choirbot_interfaces/share/choirbot_interfaces/srv/TaskCompletionService.srv
[54.174s] -- Symlinking: /home/robot4/Documents/Nishant_github_repo/AdvancedMechatronics/choirbot_ws/install/choirbot_interfaces/share/choirbot_interfaces/srv/TaskCompletionService_Request.msg
[54.210s] -- Symlinking: /home/robot4/Documents/Nishant_github_repo/AdvancedMechatronics/choirbot_ws/install/choirbot_interfaces/share/choirbot_interfaces/srv/TaskCompletionService_Response.msg
[54.250s] -- Symlinking: /home/robot4/Documents/Nishant_github_repo/AdvancedMechatronics/choirbot_ws/install/choirbot_interfaces/share/ament_index/resource_index/package_run_dependencies/choirbot_interfaces
[54.287s] -- Symlinking: /home/robot4/Documents/Nishant_github_repo/AdvancedMechatronics/choirbot_ws/install/choirbot_interfaces/share/ament_index/resource_index/parent_prefix_path/choirbot_interfaces
[54.323s] -- Symlinking: /home/robot4/Documents/Nishant_github_repo/AdvancedMechatronics/choirbot_ws/install/choirbot_interfaces/share/choirbot_interfaces/environment/ament_prefix_path.sh
[54.362s] -- Symlinking: /home/robot4/Documents/Nishant_github_repo/AdvancedMechatronics/choirbot_ws/install/choirbot_interfaces/share/choirbot_interfaces/environment/ament_prefix_path.dsv
[54.400s] -- Symlinking: /home/robot4/Documents/Nishant_github_repo/AdvancedMechatronics/choirbot_ws/install/choirbot_interfaces/share/choirbot_interfaces/environment/path.sh
[54.440s] -- Symlinking: /home/robot4/Documents/Nishant_github_repo/AdvancedMechatronics/choirbot_ws/install/choirbot_interfaces/share/choirbot_interfaces/environment/path.dsv
[54.476s] -- Symlinking: /home/robot4/Documents/Nishant_github_repo/AdvancedMechatronics/choirbot_ws/install/choirbot_interfaces/share/choirbot_interfaces/local_setup.bash
[54.512s] -- Symlinking: /home/robot4/Documents/Nishant_github_repo/AdvancedMechatronics/choirbot_ws/install/choirbot_interfaces/share/choirbot_interfaces/local_setup.sh
[54.551s] -- Symlinking: /home/robot4/Documents/Nishant_github_repo/AdvancedMechatronics/choirbot_ws/install/choirbot_interfaces/share/choirbot_interfaces/local_setup.zsh
[54.587s] -- Symlinking: /home/robot4/Documents/Nishant_github_repo/AdvancedMechatronics/choirbot_ws/install/choirbot_interfaces/share/choirbot_interfaces/local_setup.dsv
[54.624s] -- Symlinking: /home/robot4/Documents/Nishant_github_repo/AdvancedMechatronics/choirbot_ws/install/choirbot_interfaces/share/choirbot_interfaces/package.dsv
[54.663s] -- Symlinking: /home/robot4/Documents/Nishant_github_repo/AdvancedMechatronics/choirbot_ws/install/choirbot_interfaces/share/ament_index/resource_index/packages/choirbot_interfaces
[54.699s] -- Symlinking: /home/robot4/Documents/Nishant_github_repo/AdvancedMechatronics/choirbot_ws/install/choirbot_interfaces/share/choirbot_interfaces/cmake/rosidl_cmake-extras.cmake
[54.738s] -- Symlinking: /home/robot4/Documents/Nishant_github_repo/AdvancedMechatronics/choirbot_ws/install/choirbot_interfaces/share/choirbot_interfaces/cmake/ament_cmake_export_dependencies-extras.cmake
[54.774s] -- Symlinking: /home/robot4/Documents/Nishant_github_repo/AdvancedMechatronics/choirbot_ws/install/choirbot_interfaces/share/choirbot_interfaces/cmake/ament_cmake_export_libraries-extras.cmake
[54.811s] -- Symlinking: /home/robot4/Documents/Nishant_github_repo/AdvancedMechatronics/choirbot_ws/install/choirbot_interfaces/share/choirbot_interfaces/cmake/ament_cmake_export_targets-extras.cmake
[54.851s] -- Symlinking: /home/robot4/Documents/Nishant_github_repo/AdvancedMechatronics/choirbot_ws/install/choirbot_interfaces/share/choirbot_interfaces/cmake/ament_cmake_export_include_directories-extras.cmake
[54.888s] -- Symlinking: /home/robot4/Documents/Nishant_github_repo/AdvancedMechatronics/choirbot_ws/install/choirbot_interfaces/share/choirbot_interfaces/cmake/rosidl_cmake_export_typesupport_libraries-extras.cmake
[54.924s] -- Symlinking: /home/robot4/Documents/Nishant_github_repo/AdvancedMechatronics/choirbot_ws/install/choirbot_interfaces/share/choirbot_interfaces/cmake/rosidl_cmake_export_typesupport_targets-extras.cmake
[54.964s] -- Symlinking: /home/robot4/Documents/Nishant_github_repo/AdvancedMechatronics/choirbot_ws/install/choirbot_interfaces/share/choirbot_interfaces/cmake/choirbot_interfacesConfig.cmake
[55.000s] -- Symlinking: /home/robot4/Documents/Nishant_github_repo/AdvancedMechatronics/choirbot_ws/install/choirbot_interfaces/share/choirbot_interfaces/cmake/choirbot_interfacesConfig-version.cmake
[55.040s] -- Symlinking: /home/robot4/Documents/Nishant_github_repo/AdvancedMechatronics/choirbot_ws/install/choirbot_interfaces/share/choirbot_interfaces/package.xml
[55.075s] -- Installing: /home/robot4/Documents/Nishant_github_repo/AdvancedMechatronics/choirbot_ws/install/choirbot_interfaces/lib/libchoirbot_interfaces__rosidl_generator_c.so
[55.078s] -- Set runtime path of "/home/robot4/Documents/Nishant_github_repo/AdvancedMechatronics/choirbot_ws/install/choirbot_interfaces/lib/libchoirbot_interfaces__rosidl_generator_c.so" to ""
[55.079s] -- Installing: /home/robot4/Documents/Nishant_github_repo/AdvancedMechatronics/choirbot_ws/install/choirbot_interfaces/lib/libchoirbot_interfaces__rosidl_typesupport_introspection_c.so
[55.082s] -- Set runtime path of "/home/robot4/Documents/Nishant_github_repo/AdvancedMechatronics/choirbot_ws/install/choirbot_interfaces/lib/libchoirbot_interfaces__rosidl_typesupport_introspection_c.so" to ""
[55.083s] -- Installing: /home/robot4/Documents/Nishant_github_repo/AdvancedMechatronics/choirbot_ws/install/choirbot_interfaces/lib/libchoirbot_interfaces__rosidl_typesupport_c.so
[55.086s] -- Set runtime path of "/home/robot4/Documents/Nishant_github_repo/AdvancedMechatronics/choirbot_ws/install/choirbot_interfaces/lib/libchoirbot_interfaces__rosidl_typesupport_c.so" to ""
[55.087s] -- Installing: /home/robot4/Documents/Nishant_github_repo/AdvancedMechatronics/choirbot_ws/install/choirbot_interfaces/lib/libchoirbot_interfaces__rosidl_typesupport_introspection_cpp.so
[55.091s] -- Set runtime path of "/home/robot4/Documents/Nishant_github_repo/AdvancedMechatronics/choirbot_ws/install/choirbot_interfaces/lib/libchoirbot_interfaces__rosidl_typesupport_introspection_cpp.so" to ""
[55.093s] -- Installing: /home/robot4/Documents/Nishant_github_repo/AdvancedMechatronics/choirbot_ws/install/choirbot_interfaces/lib/libchoirbot_interfaces__rosidl_typesupport_cpp.so
[55.094s] -- Set runtime path of "/home/robot4/Documents/Nishant_github_repo/AdvancedMechatronics/choirbot_ws/install/choirbot_interfaces/lib/libchoirbot_interfaces__rosidl_typesupport_cpp.so" to ""
[55.241s] Compiling '/home/robot4/Documents/Nishant_github_repo/AdvancedMechatronics/choirbot_ws/install/choirbot_interfaces/lib/python3.8/site-packages/choirbot_interfaces/__init__.py'...
[55.264s] -- Installing: /home/robot4/Documents/Nishant_github_repo/AdvancedMechatronics/choirbot_ws/install/choirbot_interfaces/share/choirbot_interfaces/cmake/choirbot_interfaces__rosidl_generator_cExport.cmake
[55.266s] -- Installing: /home/robot4/Documents/Nishant_github_repo/AdvancedMechatronics/choirbot_ws/install/choirbot_interfaces/share/choirbot_interfaces/cmake/choirbot_interfaces__rosidl_generator_cExport-noconfig.cmake
[55.268s] -- Installing: /home/robot4/Documents/Nishant_github_repo/AdvancedMechatronics/choirbot_ws/install/choirbot_interfaces/share/choirbot_interfaces/cmake/choirbot_interfaces__rosidl_typesupport_introspection_cExport.cmake
[55.270s] -- Installing: /home/robot4/Documents/Nishant_github_repo/AdvancedMechatronics/choirbot_ws/install/choirbot_interfaces/share/choirbot_interfaces/cmake/choirbot_interfaces__rosidl_typesupport_introspection_cExport-noconfig.cmake
[55.272s] -- Installing: /home/robot4/Documents/Nishant_github_repo/AdvancedMechatronics/choirbot_ws/install/choirbot_interfaces/share/choirbot_interfaces/cmake/choirbot_interfaces__rosidl_typesupport_cExport.cmake
[55.274s] -- Installing: /home/robot4/Documents/Nishant_github_repo/AdvancedMechatronics/choirbot_ws/install/choirbot_interfaces/share/choirbot_interfaces/cmake/choirbot_interfaces__rosidl_typesupport_cExport-noconfig.cmake
[55.276s] -- Installing: /home/robot4/Documents/Nishant_github_repo/AdvancedMechatronics/choirbot_ws/install/choirbot_interfaces/share/choirbot_interfaces/cmake/choirbot_interfaces__rosidl_generator_cppExport.cmake
[55.278s] -- Installing: /home/robot4/Documents/Nishant_github_repo/AdvancedMechatronics/choirbot_ws/install/choirbot_interfaces/share/choirbot_interfaces/cmake/choirbot_interfaces__rosidl_typesupport_introspection_cppExport.cmake
[55.280s] -- Installing: /home/robot4/Documents/Nishant_github_repo/AdvancedMechatronics/choirbot_ws/install/choirbot_interfaces/share/choirbot_interfaces/cmake/choirbot_interfaces__rosidl_typesupport_introspection_cppExport-noconfig.cmake
[55.282s] -- Installing: /home/robot4/Documents/Nishant_github_repo/AdvancedMechatronics/choirbot_ws/install/choirbot_interfaces/share/choirbot_interfaces/cmake/choirbot_interfaces__rosidl_typesupport_cppExport.cmake
[55.284s] -- Installing: /home/robot4/Documents/Nishant_github_repo/AdvancedMechatronics/choirbot_ws/install/choirbot_interfaces/share/choirbot_interfaces/cmake/choirbot_interfaces__rosidl_typesupport_cppExport-noconfig.cmake
[55.293s] Invoked command in '/home/robot4/Documents/Nishant_github_repo/AdvancedMechatronics/choirbot_ws/build/choirbot_interfaces' returned '0': CMAKE_PREFIX_PATH=/opt/ros/foxy /usr/bin/cmake --install /home/robot4/Documents/Nishant_github_repo/AdvancedMechatronics/choirbot_ws/build/choirbot_interfaces
