[3.971s] Invoking command in '/home/robot4/Documents/Nishant_github_repo/AdvancedMechatronics/choirbot_ws/build/choirbot': AMENT_PREFIX_PATH=/home/robot4/Documents/Nishant_github_repo/AdvancedMechatronics/choirbot_ws/install/choirbot_interfaces:${AMENT_PREFIX_PATH} CMAKE_PREFIX_PATH=/home/robot4/Documents/Nishant_github_repo/AdvancedMechatronics/choirbot_ws/install/choirbot_interfaces LD_LIBRARY_PATH=/home/robot4/Documents/Nishant_github_repo/AdvancedMechatronics/choirbot_ws/install/choirbot_interfaces/lib:${LD_LIBRARY_PATH} PYTHONPATH=/home/robot4/Documents/Nishant_github_repo/AdvancedMechatronics/choirbot_ws/build/choirbot/prefix_override:/home/robot4/.local/lib/python3.8/site-packages/colcon_core/task/python/colcon_distutils_commands:/home/robot4/Documents/Nishant_github_repo/AdvancedMechatronics/choirbot_ws/install/choirbot/lib/python3.8/site-packages:/home/robot4/Documents/Nishant_github_repo/AdvancedMechatronics/choirbot_ws/install/choirbot_interfaces/lib/python3.8/site-packages:${PYTHONPATH} /usr/bin/python3 -W ignore:setup.py install is deprecated -W ignore:easy_install command is deprecated setup.py develop --editable --build-directory /home/robot4/Documents/Nishant_github_repo/AdvancedMechatronics/choirbot_ws/build/choirbot/build --no-deps symlink_data
[5.536s] running develop
[6.548s] running egg_info
[6.549s] creating choirbot.egg-info
[6.621s] writing choirbot.egg-info/PKG-INFO
[6.624s] writing dependency_links to choirbot.egg-info/dependency_links.txt
[6.625s] writing requirements to choirbot.egg-info/requires.txt
[6.626s] writing top-level names to choirbot.egg-info/top_level.txt
[6.635s] writing manifest file 'choirbot.egg-info/SOURCES.txt'
[6.795s] reading manifest file 'choirbot.egg-info/SOURCES.txt'
[6.800s] writing manifest file 'choirbot.egg-info/SOURCES.txt'
[7.088s] running build_ext
[7.089s] Creating /home/robot4/Documents/Nishant_github_repo/AdvancedMechatronics/choirbot_ws/install/choirbot/lib/python3.8/site-packages/choirbot.egg-link (link to .)
[7.092s] 
[7.093s] Installed /home/robot4/Documents/Nishant_github_repo/AdvancedMechatronics/choirbot_ws/build/choirbot
[7.094s] running symlink_data
[7.094s] creating /home/robot4/Documents/Nishant_github_repo/AdvancedMechatronics/choirbot_ws/install/choirbot/share/ament_index
[7.095s] creating /home/robot4/Documents/Nishant_github_repo/AdvancedMechatronics/choirbot_ws/install/choirbot/share/ament_index/resource_index
[7.096s] creating /home/robot4/Documents/Nishant_github_repo/AdvancedMechatronics/choirbot_ws/install/choirbot/share/ament_index/resource_index/packages
[7.098s] symbolically linking /home/robot4/Documents/Nishant_github_repo/AdvancedMechatronics/choirbot_ws/build/choirbot/resource/choirbot -> /home/robot4/Documents/Nishant_github_repo/AdvancedMechatronics/choirbot_ws/install/choirbot/share/ament_index/resource_index/packages
[7.099s] symbolically linking /home/robot4/Documents/Nishant_github_repo/AdvancedMechatronics/choirbot_ws/build/choirbot/package.xml -> /home/robot4/Documents/Nishant_github_repo/AdvancedMechatronics/choirbot_ws/install/choirbot/share/choirbot
[7.292s] Invoked command in '/home/robot4/Documents/Nishant_github_repo/AdvancedMechatronics/choirbot_ws/build/choirbot' returned '0': AMENT_PREFIX_PATH=/home/robot4/Documents/Nishant_github_repo/AdvancedMechatronics/choirbot_ws/install/choirbot_interfaces:${AMENT_PREFIX_PATH} CMAKE_PREFIX_PATH=/home/robot4/Documents/Nishant_github_repo/AdvancedMechatronics/choirbot_ws/install/choirbot_interfaces LD_LIBRARY_PATH=/home/robot4/Documents/Nishant_github_repo/AdvancedMechatronics/choirbot_ws/install/choirbot_interfaces/lib:${LD_LIBRARY_PATH} PYTHONPATH=/home/robot4/Documents/Nishant_github_repo/AdvancedMechatronics/choirbot_ws/build/choirbot/prefix_override:/home/robot4/.local/lib/python3.8/site-packages/colcon_core/task/python/colcon_distutils_commands:/home/robot4/Documents/Nishant_github_repo/AdvancedMechatronics/choirbot_ws/install/choirbot/lib/python3.8/site-packages:/home/robot4/Documents/Nishant_github_repo/AdvancedMechatronics/choirbot_ws/install/choirbot_interfaces/lib/python3.8/site-packages:${PYTHONPATH} /usr/bin/python3 -W ignore:setup.py install is deprecated -W ignore:easy_install command is deprecated setup.py develop --editable --build-directory /home/robot4/Documents/Nishant_github_repo/AdvancedMechatronics/choirbot_ws/build/choirbot/build --no-deps symlink_data
